2025-09-20 01:55:26.359  INFO --- [           main] com.example.Mai.sProject.Application     : Starting Application using Java 23.0.1 with PID 16060 (C:\Users\DELL\Desktop\CrudSpringProjectWithHandling\project one\API-TASK1\target\classes started by DELL in C:\Users\DELL\Desktop\CrudSpringProjectWithHandling\project one\API-TASK1)
2025-09-20 01:55:26.363  INFO --- [           main] com.example.Mai.sProject.Application     : No active profile set, falling back to 1 default profile: "default"
2025-09-20 01:55:27.416  INFO --- [           main] o.s.d.r.c.RepositoryConfigurationDelegate : Bootstrapping Spring Data JPA repositories in DEFAULT mode.
2025-09-20 01:55:27.519  INFO --- [           main] o.s.d.r.c.RepositoryConfigurationDelegate : Finished Spring Data repository scanning in 91 ms. Found 4 JPA repository interfaces.
2025-09-20 01:55:28.204  INFO --- [           main] o.s.b.w.embedded.tomcat.TomcatWebServer  : Tomcat initialized with port 8080 (http)
2025-09-20 01:55:28.220  INFO --- [           main] o.a.coyote.http11.Http11NioProtocol      : Initializing ProtocolHandler ["http-nio-8080"]
2025-09-20 01:55:28.222  INFO --- [           main] o.apache.catalina.core.StandardService   : Starting service [Tomcat]
2025-09-20 01:55:28.222  INFO --- [           main] o.apache.catalina.core.StandardEngine    : Starting Servlet engine: [Apache Tomcat/10.1.44]
2025-09-20 01:55:28.289  INFO --- [           main] o.a.c.c.C.[Tomcat].[localhost].[/]       : Initializing Spring embedded WebApplicationContext
2025-09-20 01:55:28.289  INFO --- [           main] o.s.b.w.s.c.ServletWebServerApplicationContext : Root WebApplicationContext: initialization completed in 1833 ms
2025-09-20 01:55:28.456  INFO --- [           main] com.zaxxer.hikari.HikariDataSource       : HikariPool-1 - Starting...
2025-09-20 01:55:28.614  INFO --- [           main] com.zaxxer.hikari.pool.HikariPool        : HikariPool-1 - Added connection com.mysql.cj.jdbc.ConnectionImpl@60591e1b
2025-09-20 01:55:28.617  INFO --- [           main] com.zaxxer.hikari.HikariDataSource       : HikariPool-1 - Start completed.
2025-09-20 01:55:29.580  INFO --- [           main] liquibase.changelog                      : Reading from testtt.databasechangelog
2025-09-20 01:55:29.666  INFO --- [           main] liquibase.ui                             : Database is up to date, no changesets to execute
2025-09-20 01:55:29.669  INFO --- [           main] liquibase.changelog                      : Reading from testtt.databasechangelog
2025-09-20 01:55:29.685  INFO --- [           main] liquibase.util                           : UPDATE SUMMARY
2025-09-20 01:55:29.685  INFO --- [           main] liquibase.util                           : Run:                          0
2025-09-20 01:55:29.685  INFO --- [           main] liquibase.util                           : Previously run:               6
2025-09-20 01:55:29.686  INFO --- [           main] liquibase.util                           : Filtered out:                 0
2025-09-20 01:55:29.686  INFO --- [           main] liquibase.util                           : -------------------------------
2025-09-20 01:55:29.686  INFO --- [           main] liquibase.util                           : Total change sets:            6
2025-09-20 01:55:29.687  INFO --- [           main] liquibase.util                           : Update summary generated
2025-09-20 01:55:29.689  INFO --- [           main] liquibase.command                        : Command execution complete
2025-09-20 01:55:31.149  INFO --- [           main] o.hibernate.jpa.internal.util.LogHelper  : HHH000204: Processing PersistenceUnitInfo [name: default]
2025-09-20 01:55:31.204  INFO --- [           main] org.hibernate.Version                    : HHH000412: Hibernate ORM core version 6.6.26.Final
2025-09-20 01:55:31.251  INFO --- [           main] o.h.c.internal.RegionFactoryInitiator    : HHH000026: Second-level cache disabled
2025-09-20 01:55:31.634  INFO --- [           main] o.s.o.j.p.SpringPersistenceUnitInfo      : No LoadTimeWeaver setup: ignoring JPA class transformer
2025-09-20 01:55:31.697  WARN --- [           main] org.hibernate.dialect.Dialect            : HHH000511: The 5.5.5 version for [org.hibernate.dialect.MySQLDialect] is no longer supported, hence certain features may not work properly. The minimum supported version is 8.0.0. Check the community dialects project for available legacy versions.
2025-09-20 01:55:31.714  INFO --- [           main] org.hibernate.orm.connections.pooling    : HHH10001005: Database info:
	Database JDBC URL [Connecting through datasource 'HikariDataSource (HikariPool-1)']
	Database driver: undefined/unknown
	Database version: 5.5.5
	Autocommit mode: undefined/unknown
	Isolation level: undefined/unknown
	Minimum pool size: undefined/unknown
	Maximum pool size: undefined/unknown
2025-09-20 01:55:33.216  INFO --- [           main] o.h.e.t.j.p.i.JtaPlatformInitiator       : HHH000489: No JTA platform available (set 'hibernate.transaction.jta.platform' to enable JTA platform integration)
2025-09-20 01:55:33.223  INFO --- [           main] o.s.o.j.LocalContainerEntityManagerFactoryBean : Initialized JPA EntityManagerFactory for persistence unit 'default'
2025-09-20 01:55:33.771  INFO --- [           main] o.s.s.c.a.a.c.InitializeAuthenticationProviderBeanManagerConfigurer$InitializeAuthenticationProviderManagerConfigurer : Global AuthenticationManager configured with AuthenticationProvider bean with name authenticationProvider
2025-09-20 01:55:33.771  WARN --- [           main] o.s.s.c.a.a.c.InitializeUserDetailsBeanManagerConfigurer$InitializeUserDetailsManagerConfigurer : Global AuthenticationManager configured with an AuthenticationProvider bean. UserDetailsService beans will not be used by Spring Security for automatically configuring username/password login. Consider removing the AuthenticationProvider bean. Alternatively, consider using the UserDetailsService in a manually instantiated DaoAuthenticationProvider. If the current configuration is intentional, to turn off this warning, increase the logging level of 'org.springframework.security.config.annotation.authentication.configuration.InitializeUserDetailsBeanManagerConfigurer' to ERROR
2025-09-20 01:55:33.824  INFO --- [           main] o.s.d.j.r.query.QueryEnhancerFactory     : Hibernate is in classpath; If applicable, HQL parser will be used.
2025-09-20 01:55:34.849  WARN --- [           main] o.s.b.a.o.j.JpaBaseConfiguration$JpaWebConfiguration : spring.jpa.open-in-view is enabled by default. Therefore, database queries may be performed during view rendering. Explicitly configure spring.jpa.open-in-view to disable this warning
2025-09-20 01:55:35.511  INFO --- [           main] o.a.coyote.http11.Http11NioProtocol      : Starting ProtocolHandler ["http-nio-8080"]
2025-09-20 01:55:35.536  INFO --- [           main] o.s.b.w.embedded.tomcat.TomcatWebServer  : Tomcat started on port 8080 (http) with context path '/'
2025-09-20 01:55:35.546  INFO --- [           main] com.example.Mai.sProject.Application     : Started Application in 10.06 seconds (process running for 11.185)
2025-09-20 01:55:56.218  INFO --- [SpringApplicationShutdownHook] o.s.b.w.e.tomcat.GracefulShutdown        : Commencing graceful shutdown. Waiting for active requests to complete
2025-09-20 01:55:56.224  INFO --- [tomcat-shutdown] o.s.b.w.e.tomcat.GracefulShutdown        : Graceful shutdown complete
2025-09-20 01:55:56.231  INFO --- [SpringApplicationShutdownHook] o.s.o.j.LocalContainerEntityManagerFactoryBean : Closing JPA EntityManagerFactory for persistence unit 'default'
2025-09-20 01:55:56.235  INFO --- [SpringApplicationShutdownHook] com.zaxxer.hikari.HikariDataSource       : HikariPool-1 - Shutdown initiated...
2025-09-20 01:55:56.242  INFO --- [SpringApplicationShutdownHook] com.zaxxer.hikari.HikariDataSource       : HikariPool-1 - Shutdown completed.
2025-09-20 01:56:00.415  INFO --- [           main] com.example.Mai.sProject.Application     : Starting Application using Java 23.0.1 with PID 11012 (C:\Users\DELL\Desktop\CrudSpringProjectWithHandling\project one\API-TASK1\target\classes started by DELL in C:\Users\DELL\Desktop\CrudSpringProjectWithHandling\project one\API-TASK1)
2025-09-20 01:56:00.418 DEBUG --- [           main] com.example.Mai.sProject.Application     : Running with Spring Boot v3.5.5, Spring v6.2.10
2025-09-20 01:56:00.419  INFO --- [           main] com.example.Mai.sProject.Application     : No active profile set, falling back to 1 default profile: "default"
2025-09-20 01:56:01.563  INFO --- [           main] o.s.d.r.c.RepositoryConfigurationDelegate : Bootstrapping Spring Data JPA repositories in DEFAULT mode.
2025-09-20 01:56:01.664  INFO --- [           main] o.s.d.r.c.RepositoryConfigurationDelegate : Finished Spring Data repository scanning in 90 ms. Found 4 JPA repository interfaces.
2025-09-20 01:56:02.365  INFO --- [           main] o.s.b.w.embedded.tomcat.TomcatWebServer  : Tomcat initialized with port 8080 (http)
2025-09-20 01:56:02.384  INFO --- [           main] o.a.coyote.http11.Http11NioProtocol      : Initializing ProtocolHandler ["http-nio-8080"]
2025-09-20 01:56:02.387  INFO --- [           main] o.apache.catalina.core.StandardService   : Starting service [Tomcat]
2025-09-20 01:56:02.387  INFO --- [           main] o.apache.catalina.core.StandardEngine    : Starting Servlet engine: [Apache Tomcat/10.1.44]
2025-09-20 01:56:02.463  INFO --- [           main] o.a.c.c.C.[Tomcat].[localhost].[/]       : Initializing Spring embedded WebApplicationContext
2025-09-20 01:56:02.465  INFO --- [           main] o.s.b.w.s.c.ServletWebServerApplicationContext : Root WebApplicationContext: initialization completed in 1955 ms
2025-09-20 01:56:02.648  INFO --- [           main] com.zaxxer.hikari.HikariDataSource       : HikariPool-1 - Starting...
2025-09-20 01:56:02.829  INFO --- [           main] com.zaxxer.hikari.pool.HikariPool        : HikariPool-1 - Added connection com.mysql.cj.jdbc.ConnectionImpl@194012a2
2025-09-20 01:56:02.832  INFO --- [           main] com.zaxxer.hikari.HikariDataSource       : HikariPool-1 - Start completed.
2025-09-20 01:56:03.887  INFO --- [           main] liquibase.changelog                      : Reading from testtt.databasechangelog
2025-09-20 01:56:03.973  INFO --- [           main] liquibase.ui                             : Database is up to date, no changesets to execute
2025-09-20 01:56:03.977  INFO --- [           main] liquibase.changelog                      : Reading from testtt.databasechangelog
2025-09-20 01:56:03.995  INFO --- [           main] liquibase.util                           : UPDATE SUMMARY
2025-09-20 01:56:03.995  INFO --- [           main] liquibase.util                           : Run:                          0
2025-09-20 01:56:03.995  INFO --- [           main] liquibase.util                           : Previously run:               6
2025-09-20 01:56:03.995  INFO --- [           main] liquibase.util                           : Filtered out:                 0
2025-09-20 01:56:03.996  INFO --- [           main] liquibase.util                           : -------------------------------
2025-09-20 01:56:03.996  INFO --- [           main] liquibase.util                           : Total change sets:            6
2025-09-20 01:56:03.997  INFO --- [           main] liquibase.util                           : Update summary generated
2025-09-20 01:56:03.999  INFO --- [           main] liquibase.command                        : Command execution complete
2025-09-20 01:56:05.070  INFO --- [           main] o.hibernate.jpa.internal.util.LogHelper  : HHH000204: Processing PersistenceUnitInfo [name: default]
2025-09-20 01:56:05.122  INFO --- [           main] org.hibernate.Version                    : HHH000412: Hibernate ORM core version 6.6.26.Final
2025-09-20 01:56:05.160  INFO --- [           main] o.h.c.internal.RegionFactoryInitiator    : HHH000026: Second-level cache disabled
2025-09-20 01:56:05.489  INFO --- [           main] o.s.o.j.p.SpringPersistenceUnitInfo      : No LoadTimeWeaver setup: ignoring JPA class transformer
2025-09-20 01:56:05.541  WARN --- [           main] org.hibernate.dialect.Dialect            : HHH000511: The 5.5.5 version for [org.hibernate.dialect.MySQLDialect] is no longer supported, hence certain features may not work properly. The minimum supported version is 8.0.0. Check the community dialects project for available legacy versions.
2025-09-20 01:56:05.558  INFO --- [           main] org.hibernate.orm.connections.pooling    : HHH10001005: Database info:
	Database JDBC URL [Connecting through datasource 'HikariDataSource (HikariPool-1)']
	Database driver: undefined/unknown
	Database version: 5.5.5
	Autocommit mode: undefined/unknown
	Isolation level: undefined/unknown
	Minimum pool size: undefined/unknown
	Maximum pool size: undefined/unknown
2025-09-20 01:56:06.669  INFO --- [           main] o.h.e.t.j.p.i.JtaPlatformInitiator       : HHH000489: No JTA platform available (set 'hibernate.transaction.jta.platform' to enable JTA platform integration)
2025-09-20 01:56:06.675  INFO --- [           main] o.s.o.j.LocalContainerEntityManagerFactoryBean : Initialized JPA EntityManagerFactory for persistence unit 'default'
2025-09-20 01:56:07.052 DEBUG --- [           main] c.e.M.s.s.JWT.JWTAuthenticationFilter    : Filter 'JWTAuthenticationFilter' configured for use
2025-09-20 01:56:07.178  INFO --- [           main] o.s.s.c.a.a.c.InitializeAuthenticationProviderBeanManagerConfigurer$InitializeAuthenticationProviderManagerConfigurer : Global AuthenticationManager configured with AuthenticationProvider bean with name authenticationProvider
2025-09-20 01:56:07.179  WARN --- [           main] o.s.s.c.a.a.c.InitializeUserDetailsBeanManagerConfigurer$InitializeUserDetailsManagerConfigurer : Global AuthenticationManager configured with an AuthenticationProvider bean. UserDetailsService beans will not be used by Spring Security for automatically configuring username/password login. Consider removing the AuthenticationProvider bean. Alternatively, consider using the UserDetailsService in a manually instantiated DaoAuthenticationProvider. If the current configuration is intentional, to turn off this warning, increase the logging level of 'org.springframework.security.config.annotation.authentication.configuration.InitializeUserDetailsBeanManagerConfigurer' to ERROR
2025-09-20 01:56:07.247  INFO --- [           main] o.s.d.j.r.query.QueryEnhancerFactory     : Hibernate is in classpath; If applicable, HQL parser will be used.
2025-09-20 01:56:08.238  WARN --- [           main] o.s.b.a.o.j.JpaBaseConfiguration$JpaWebConfiguration : spring.jpa.open-in-view is enabled by default. Therefore, database queries may be performed during view rendering. Explicitly configure spring.jpa.open-in-view to disable this warning
2025-09-20 01:56:08.879  INFO --- [           main] o.a.coyote.http11.Http11NioProtocol      : Starting ProtocolHandler ["http-nio-8080"]
2025-09-20 01:56:08.903  INFO --- [           main] o.s.b.w.embedded.tomcat.TomcatWebServer  : Tomcat started on port 8080 (http) with context path '/'
2025-09-20 01:56:08.913  INFO --- [           main] com.example.Mai.sProject.Application     : Started Application in 9.38 seconds (process running for 10.452)
2025-09-20 01:58:33.234  INFO --- [SpringApplicationShutdownHook] o.s.b.w.e.tomcat.GracefulShutdown        : Commencing graceful shutdown. Waiting for active requests to complete
2025-09-20 01:58:33.240  INFO --- [tomcat-shutdown] o.s.b.w.e.tomcat.GracefulShutdown        : Graceful shutdown complete
2025-09-20 01:58:33.248  INFO --- [SpringApplicationShutdownHook] o.s.o.j.LocalContainerEntityManagerFactoryBean : Closing JPA EntityManagerFactory for persistence unit 'default'
2025-09-20 01:58:33.252  INFO --- [SpringApplicationShutdownHook] com.zaxxer.hikari.HikariDataSource       : HikariPool-1 - Shutdown initiated...
2025-09-20 01:58:33.260  INFO --- [SpringApplicationShutdownHook] com.zaxxer.hikari.HikariDataSource       : HikariPool-1 - Shutdown completed.
2025-09-20 01:58:37.585  INFO --- [           main] com.example.Mai.sProject.Application     : Starting Application using Java 23.0.1 with PID 13076 (C:\Users\DELL\Desktop\CrudSpringProjectWithHandling\project one\API-TASK1\target\classes started by DELL in C:\Users\DELL\Desktop\CrudSpringProjectWithHandling\project one\API-TASK1)
2025-09-20 01:58:37.587 DEBUG --- [           main] com.example.Mai.sProject.Application     : Running with Spring Boot v3.5.5, Spring v6.2.10
2025-09-20 01:58:37.589  INFO --- [           main] com.example.Mai.sProject.Application     : No active profile set, falling back to 1 default profile: "default"
2025-09-20 01:58:38.636  INFO --- [           main] o.s.d.r.c.RepositoryConfigurationDelegate : Bootstrapping Spring Data JPA repositories in DEFAULT mode.
2025-09-20 01:58:38.758  INFO --- [           main] o.s.d.r.c.RepositoryConfigurationDelegate : Finished Spring Data repository scanning in 109 ms. Found 4 JPA repository interfaces.
2025-09-20 01:58:39.399  INFO --- [           main] o.s.b.w.embedded.tomcat.TomcatWebServer  : Tomcat initialized with port 8080 (http)
2025-09-20 01:58:39.413  INFO --- [           main] o.a.coyote.http11.Http11NioProtocol      : Initializing ProtocolHandler ["http-nio-8080"]
2025-09-20 01:58:39.416  INFO --- [           main] o.apache.catalina.core.StandardService   : Starting service [Tomcat]
2025-09-20 01:58:39.416  INFO --- [           main] o.apache.catalina.core.StandardEngine    : Starting Servlet engine: [Apache Tomcat/10.1.44]
2025-09-20 01:58:39.484  INFO --- [           main] o.a.c.c.C.[Tomcat].[localhost].[/]       : Initializing Spring embedded WebApplicationContext
2025-09-20 01:58:39.485  INFO --- [           main] o.s.b.w.s.c.ServletWebServerApplicationContext : Root WebApplicationContext: initialization completed in 1804 ms
2025-09-20 01:58:39.635  INFO --- [           main] com.zaxxer.hikari.HikariDataSource       : HikariPool-1 - Starting...
2025-09-20 01:58:39.820  INFO --- [           main] com.zaxxer.hikari.pool.HikariPool        : HikariPool-1 - Added connection com.mysql.cj.jdbc.ConnectionImpl@4a1a412e
2025-09-20 01:58:39.822  INFO --- [           main] com.zaxxer.hikari.HikariDataSource       : HikariPool-1 - Start completed.
2025-09-20 01:58:40.729  INFO --- [           main] liquibase.changelog                      : Reading from testtt.databasechangelog
2025-09-20 01:58:40.805  INFO --- [           main] liquibase.ui                             : Database is up to date, no changesets to execute
2025-09-20 01:58:40.808  INFO --- [           main] liquibase.changelog                      : Reading from testtt.databasechangelog
2025-09-20 01:58:40.826  INFO --- [           main] liquibase.util                           : UPDATE SUMMARY
2025-09-20 01:58:40.826  INFO --- [           main] liquibase.util                           : Run:                          0
2025-09-20 01:58:40.826  INFO --- [           main] liquibase.util                           : Previously run:               6
2025-09-20 01:58:40.826  INFO --- [           main] liquibase.util                           : Filtered out:                 0
2025-09-20 01:58:40.826  INFO --- [           main] liquibase.util                           : -------------------------------
2025-09-20 01:58:40.827  INFO --- [           main] liquibase.util                           : Total change sets:            6
2025-09-20 01:58:40.829  INFO --- [           main] liquibase.util                           : Update summary generated
2025-09-20 01:58:40.830  INFO --- [           main] liquibase.command                        : Command execution complete
2025-09-20 01:58:42.127  INFO --- [           main] o.hibernate.jpa.internal.util.LogHelper  : HHH000204: Processing PersistenceUnitInfo [name: default]
2025-09-20 01:58:42.177  INFO --- [           main] org.hibernate.Version                    : HHH000412: Hibernate ORM core version 6.6.26.Final
2025-09-20 01:58:42.216  INFO --- [           main] o.h.c.internal.RegionFactoryInitiator    : HHH000026: Second-level cache disabled
2025-09-20 01:58:42.517  INFO --- [           main] o.s.o.j.p.SpringPersistenceUnitInfo      : No LoadTimeWeaver setup: ignoring JPA class transformer
2025-09-20 01:58:42.561  WARN --- [           main] org.hibernate.dialect.Dialect            : HHH000511: The 5.5.5 version for [org.hibernate.dialect.MySQLDialect] is no longer supported, hence certain features may not work properly. The minimum supported version is 8.0.0. Check the community dialects project for available legacy versions.
2025-09-20 01:58:42.580  INFO --- [           main] org.hibernate.orm.connections.pooling    : HHH10001005: Database info:
	Database JDBC URL [Connecting through datasource 'HikariDataSource (HikariPool-1)']
	Database driver: undefined/unknown
	Database version: 5.5.5
	Autocommit mode: undefined/unknown
	Isolation level: undefined/unknown
	Minimum pool size: undefined/unknown
	Maximum pool size: undefined/unknown
2025-09-20 01:58:43.663  INFO --- [           main] o.h.e.t.j.p.i.JtaPlatformInitiator       : HHH000489: No JTA platform available (set 'hibernate.transaction.jta.platform' to enable JTA platform integration)
2025-09-20 01:58:43.668  INFO --- [           main] o.s.o.j.LocalContainerEntityManagerFactoryBean : Initialized JPA EntityManagerFactory for persistence unit 'default'
2025-09-20 01:58:44.008 DEBUG --- [           main] c.e.M.s.s.JWT.JWTAuthenticationFilter    : Filter 'JWTAuthenticationFilter' configured for use
2025-09-20 01:58:44.089  INFO --- [           main] o.s.s.c.a.a.c.InitializeAuthenticationProviderBeanManagerConfigurer$InitializeAuthenticationProviderManagerConfigurer : Global AuthenticationManager configured with AuthenticationProvider bean with name authenticationProvider
2025-09-20 01:58:44.090  WARN --- [           main] o.s.s.c.a.a.c.InitializeUserDetailsBeanManagerConfigurer$InitializeUserDetailsManagerConfigurer : Global AuthenticationManager configured with an AuthenticationProvider bean. UserDetailsService beans will not be used by Spring Security for automatically configuring username/password login. Consider removing the AuthenticationProvider bean. Alternatively, consider using the UserDetailsService in a manually instantiated DaoAuthenticationProvider. If the current configuration is intentional, to turn off this warning, increase the logging level of 'org.springframework.security.config.annotation.authentication.configuration.InitializeUserDetailsBeanManagerConfigurer' to ERROR
2025-09-20 01:58:44.141  INFO --- [           main] o.s.d.j.r.query.QueryEnhancerFactory     : Hibernate is in classpath; If applicable, HQL parser will be used.
2025-09-20 01:58:44.995  WARN --- [           main] o.s.b.a.o.j.JpaBaseConfiguration$JpaWebConfiguration : spring.jpa.open-in-view is enabled by default. Therefore, database queries may be performed during view rendering. Explicitly configure spring.jpa.open-in-view to disable this warning
2025-09-20 01:58:45.638  INFO --- [           main] o.a.coyote.http11.Http11NioProtocol      : Starting ProtocolHandler ["http-nio-8080"]
2025-09-20 01:58:45.662  INFO --- [           main] o.s.b.w.embedded.tomcat.TomcatWebServer  : Tomcat started on port 8080 (http) with context path '/'
2025-09-20 01:58:45.674  INFO --- [           main] com.example.Mai.sProject.Application     : Started Application in 8.976 seconds (process running for 10.05)
2025-09-20 01:59:39.038  INFO --- [SpringApplicationShutdownHook] o.s.b.w.e.tomcat.GracefulShutdown        : Commencing graceful shutdown. Waiting for active requests to complete
2025-09-20 01:59:39.045  INFO --- [tomcat-shutdown] o.s.b.w.e.tomcat.GracefulShutdown        : Graceful shutdown complete
2025-09-20 01:59:39.052  INFO --- [SpringApplicationShutdownHook] o.s.o.j.LocalContainerEntityManagerFactoryBean : Closing JPA EntityManagerFactory for persistence unit 'default'
2025-09-20 01:59:39.056  INFO --- [SpringApplicationShutdownHook] com.zaxxer.hikari.HikariDataSource       : HikariPool-1 - Shutdown initiated...
2025-09-20 01:59:39.066  INFO --- [SpringApplicationShutdownHook] com.zaxxer.hikari.HikariDataSource       : HikariPool-1 - Shutdown completed.
2025-09-20 01:59:49.572  INFO --- [           main] com.example.Mai.sProject.Application     : Starting Application using Java 23.0.1 with PID 9828 (C:\Users\DELL\Desktop\CrudSpringProjectWithHandling\project one\API-TASK1\target\classes started by DELL in C:\Users\DELL\Desktop\CrudSpringProjectWithHandling\project one\API-TASK1)
2025-09-20 01:59:49.575 DEBUG --- [           main] com.example.Mai.sProject.Application     : Running with Spring Boot v3.5.5, Spring v6.2.10
2025-09-20 01:59:49.576  INFO --- [           main] com.example.Mai.sProject.Application     : No active profile set, falling back to 1 default profile: "default"
2025-09-20 01:59:50.584  INFO --- [           main] o.s.d.r.c.RepositoryConfigurationDelegate : Bootstrapping Spring Data JPA repositories in DEFAULT mode.
2025-09-20 01:59:50.686  INFO --- [           main] o.s.d.r.c.RepositoryConfigurationDelegate : Finished Spring Data repository scanning in 91 ms. Found 4 JPA repository interfaces.
2025-09-20 01:59:51.342  INFO --- [           main] o.s.b.w.embedded.tomcat.TomcatWebServer  : Tomcat initialized with port 8080 (http)
2025-09-20 01:59:51.356  INFO --- [           main] o.a.coyote.http11.Http11NioProtocol      : Initializing ProtocolHandler ["http-nio-8080"]
2025-09-20 01:59:51.358  INFO --- [           main] o.apache.catalina.core.StandardService   : Starting service [Tomcat]
2025-09-20 01:59:51.358  INFO --- [           main] o.apache.catalina.core.StandardEngine    : Starting Servlet engine: [Apache Tomcat/10.1.44]
2025-09-20 01:59:51.421  INFO --- [           main] o.a.c.c.C.[Tomcat].[localhost].[/]       : Initializing Spring embedded WebApplicationContext
2025-09-20 01:59:51.421  INFO --- [           main] o.s.b.w.s.c.ServletWebServerApplicationContext : Root WebApplicationContext: initialization completed in 1762 ms
2025-09-20 01:59:51.579  INFO --- [           main] com.zaxxer.hikari.HikariDataSource       : HikariPool-1 - Starting...
2025-09-20 01:59:51.768  INFO --- [           main] com.zaxxer.hikari.pool.HikariPool        : HikariPool-1 - Added connection com.mysql.cj.jdbc.ConnectionImpl@60591e1b
2025-09-20 01:59:51.771  INFO --- [           main] com.zaxxer.hikari.HikariDataSource       : HikariPool-1 - Start completed.
2025-09-20 01:59:52.713  INFO --- [           main] liquibase.changelog                      : Reading from testtt.databasechangelog
2025-09-20 01:59:52.800  INFO --- [           main] liquibase.ui                             : Database is up to date, no changesets to execute
2025-09-20 01:59:52.802  INFO --- [           main] liquibase.changelog                      : Reading from testtt.databasechangelog
2025-09-20 01:59:52.817  INFO --- [           main] liquibase.util                           : UPDATE SUMMARY
2025-09-20 01:59:52.818  INFO --- [           main] liquibase.util                           : Run:                          0
2025-09-20 01:59:52.818  INFO --- [           main] liquibase.util                           : Previously run:               6
2025-09-20 01:59:52.818  INFO --- [           main] liquibase.util                           : Filtered out:                 0
2025-09-20 01:59:52.818  INFO --- [           main] liquibase.util                           : -------------------------------
2025-09-20 01:59:52.818  INFO --- [           main] liquibase.util                           : Total change sets:            6
2025-09-20 01:59:52.819  INFO --- [           main] liquibase.util                           : Update summary generated
2025-09-20 01:59:52.821  INFO --- [           main] liquibase.command                        : Command execution complete
2025-09-20 01:59:54.140  INFO --- [           main] o.hibernate.jpa.internal.util.LogHelper  : HHH000204: Processing PersistenceUnitInfo [name: default]
2025-09-20 01:59:54.196  INFO --- [           main] org.hibernate.Version                    : HHH000412: Hibernate ORM core version 6.6.26.Final
2025-09-20 01:59:54.238  INFO --- [           main] o.h.c.internal.RegionFactoryInitiator    : HHH000026: Second-level cache disabled
2025-09-20 01:59:54.607  INFO --- [           main] o.s.o.j.p.SpringPersistenceUnitInfo      : No LoadTimeWeaver setup: ignoring JPA class transformer
2025-09-20 01:59:54.667  WARN --- [           main] org.hibernate.dialect.Dialect            : HHH000511: The 5.5.5 version for [org.hibernate.dialect.MySQLDialect] is no longer supported, hence certain features may not work properly. The minimum supported version is 8.0.0. Check the community dialects project for available legacy versions.
2025-09-20 01:59:54.687  INFO --- [           main] org.hibernate.orm.connections.pooling    : HHH10001005: Database info:
	Database JDBC URL [Connecting through datasource 'HikariDataSource (HikariPool-1)']
	Database driver: undefined/unknown
	Database version: 5.5.5
	Autocommit mode: undefined/unknown
	Isolation level: undefined/unknown
	Minimum pool size: undefined/unknown
	Maximum pool size: undefined/unknown
2025-09-20 01:59:55.769  INFO --- [           main] o.h.e.t.j.p.i.JtaPlatformInitiator       : HHH000489: No JTA platform available (set 'hibernate.transaction.jta.platform' to enable JTA platform integration)
2025-09-20 01:59:55.774  INFO --- [           main] o.s.o.j.LocalContainerEntityManagerFactoryBean : Initialized JPA EntityManagerFactory for persistence unit 'default'
2025-09-20 01:59:56.144 DEBUG --- [           main] c.e.M.s.s.JWT.JWTAuthenticationFilter    : Filter 'JWTAuthenticationFilter' configured for use
2025-09-20 01:59:56.220  INFO --- [           main] o.s.s.c.a.a.c.InitializeAuthenticationProviderBeanManagerConfigurer$InitializeAuthenticationProviderManagerConfigurer : Global AuthenticationManager configured with AuthenticationProvider bean with name authenticationProvider
2025-09-20 01:59:56.221  WARN --- [           main] o.s.s.c.a.a.c.InitializeUserDetailsBeanManagerConfigurer$InitializeUserDetailsManagerConfigurer : Global AuthenticationManager configured with an AuthenticationProvider bean. UserDetailsService beans will not be used by Spring Security for automatically configuring username/password login. Consider removing the AuthenticationProvider bean. Alternatively, consider using the UserDetailsService in a manually instantiated DaoAuthenticationProvider. If the current configuration is intentional, to turn off this warning, increase the logging level of 'org.springframework.security.config.annotation.authentication.configuration.InitializeUserDetailsBeanManagerConfigurer' to ERROR
2025-09-20 01:59:56.263  INFO --- [           main] o.s.d.j.r.query.QueryEnhancerFactory     : Hibernate is in classpath; If applicable, HQL parser will be used.
2025-09-20 01:59:57.256  WARN --- [           main] o.s.b.a.o.j.JpaBaseConfiguration$JpaWebConfiguration : spring.jpa.open-in-view is enabled by default. Therefore, database queries may be performed during view rendering. Explicitly configure spring.jpa.open-in-view to disable this warning
2025-09-20 01:59:57.974  INFO --- [           main] o.a.coyote.http11.Http11NioProtocol      : Starting ProtocolHandler ["http-nio-8080"]
2025-09-20 01:59:58.004  INFO --- [           main] o.s.b.w.embedded.tomcat.TomcatWebServer  : Tomcat started on port 8080 (http) with context path '/'
2025-09-20 01:59:58.018  INFO --- [           main] com.example.Mai.sProject.Application     : Started Application in 9.277 seconds (process running for 10.329)
2025-09-20 03:30:58.866  INFO --- [SpringApplicationShutdownHook] o.s.b.w.e.tomcat.GracefulShutdown        : Commencing graceful shutdown. Waiting for active requests to complete
2025-09-20 03:30:58.897  INFO --- [tomcat-shutdown] o.s.b.w.e.tomcat.GracefulShutdown        : Graceful shutdown complete
2025-09-20 03:30:58.933  INFO --- [SpringApplicationShutdownHook] o.s.o.j.LocalContainerEntityManagerFactoryBean : Closing JPA EntityManagerFactory for persistence unit 'default'
2025-09-20 03:30:58.965  INFO --- [SpringApplicationShutdownHook] com.zaxxer.hikari.HikariDataSource       : HikariPool-1 - Shutdown initiated...
2025-09-20 03:30:58.975  INFO --- [SpringApplicationShutdownHook] com.zaxxer.hikari.HikariDataSource       : HikariPool-1 - Shutdown completed.
