2025-09-22 23:44:07.340  INFO --- [           main] com.example.Mai.sProject.Application     : Starting Application using Java 23.0.1 with PID 16340 (C:\Users\DELL\Desktop\CrudSpringProjectWithHandling\project one\API-TASK1\target\classes started by DELL in C:\Users\DELL\Desktop\CrudSpringProjectWithHandling\project one\API-TASK1)
2025-09-22 23:44:07.345 DEBUG --- [           main] com.example.Mai.sProject.Application     : Running with Spring Boot v3.5.5, Spring v6.2.10
2025-09-22 23:44:07.350  INFO --- [           main] com.example.Mai.sProject.Application     : No active profile set, falling back to 1 default profile: "default"
2025-09-22 23:44:09.232  INFO --- [           main] o.s.d.r.c.RepositoryConfigurationDelegate : Bootstrapping Spring Data JPA repositories in DEFAULT mode.
2025-09-22 23:44:09.341  INFO --- [           main] o.s.d.r.c.RepositoryConfigurationDelegate : Finished Spring Data repository scanning in 92 ms. Found 4 JPA repository interfaces.
2025-09-22 23:44:10.097  INFO --- [           main] o.s.b.w.embedded.tomcat.TomcatWebServer  : Tomcat initialized with port 8080 (http)
2025-09-22 23:44:10.112  INFO --- [           main] o.a.coyote.http11.Http11NioProtocol      : Initializing ProtocolHandler ["http-nio-8080"]
2025-09-22 23:44:10.112  INFO --- [           main] o.apache.catalina.core.StandardService   : Starting service [Tomcat]
2025-09-22 23:44:10.117  INFO --- [           main] o.apache.catalina.core.StandardEngine    : Starting Servlet engine: [Apache Tomcat/10.1.44]
2025-09-22 23:44:10.198  INFO --- [           main] o.a.c.c.C.[Tomcat].[localhost].[/]       : Initializing Spring embedded WebApplicationContext
2025-09-22 23:44:10.203  INFO --- [           main] o.s.b.w.s.c.ServletWebServerApplicationContext : Root WebApplicationContext: initialization completed in 2733 ms
2025-09-22 23:44:10.586  INFO --- [           main] com.zaxxer.hikari.HikariDataSource       : HikariPool-1 - Starting...
2025-09-22 23:44:10.792  INFO --- [           main] com.zaxxer.hikari.pool.HikariPool        : HikariPool-1 - Added connection com.mysql.cj.jdbc.ConnectionImpl@e881e46
2025-09-22 23:44:10.792  INFO --- [           main] com.zaxxer.hikari.HikariDataSource       : HikariPool-1 - Start completed.
2025-09-22 23:44:11.960  INFO --- [           main] liquibase.changelog                      : Reading from testtt.databasechangelog
2025-09-22 23:44:12.064  INFO --- [           main] liquibase.ui                             : Database is up to date, no changesets to execute
2025-09-22 23:44:12.064  INFO --- [           main] liquibase.changelog                      : Reading from testtt.databasechangelog
2025-09-22 23:44:12.085  INFO --- [           main] liquibase.util                           : UPDATE SUMMARY
2025-09-22 23:44:12.085  INFO --- [           main] liquibase.util                           : Run:                          0
2025-09-22 23:44:12.085  INFO --- [           main] liquibase.util                           : Previously run:               6
2025-09-22 23:44:12.085  INFO --- [           main] liquibase.util                           : Filtered out:                 0
2025-09-22 23:44:12.085  INFO --- [           main] liquibase.util                           : -------------------------------
2025-09-22 23:44:12.085  INFO --- [           main] liquibase.util                           : Total change sets:            6
2025-09-22 23:44:12.085  INFO --- [           main] liquibase.util                           : Update summary generated
2025-09-22 23:44:12.085  INFO --- [           main] liquibase.command                        : Command execution complete
2025-09-22 23:44:13.523  INFO --- [           main] o.hibernate.jpa.internal.util.LogHelper  : HHH000204: Processing PersistenceUnitInfo [name: default]
2025-09-22 23:44:13.614  INFO --- [           main] org.hibernate.Version                    : HHH000412: Hibernate ORM core version 6.6.26.Final
2025-09-22 23:44:13.672  INFO --- [           main] o.h.c.internal.RegionFactoryInitiator    : HHH000026: Second-level cache disabled
2025-09-22 23:44:14.055  INFO --- [           main] o.s.o.j.p.SpringPersistenceUnitInfo      : No LoadTimeWeaver setup: ignoring JPA class transformer
2025-09-22 23:44:14.120  WARN --- [           main] org.hibernate.dialect.Dialect            : HHH000511: The 5.5.5 version for [org.hibernate.dialect.MySQLDialect] is no longer supported, hence certain features may not work properly. The minimum supported version is 8.0.0. Check the community dialects project for available legacy versions.
2025-09-22 23:44:14.139  INFO --- [           main] org.hibernate.orm.connections.pooling    : HHH10001005: Database info:
	Database JDBC URL [Connecting through datasource 'HikariDataSource (HikariPool-1)']
	Database driver: undefined/unknown
	Database version: 5.5.5
	Autocommit mode: undefined/unknown
	Isolation level: undefined/unknown
	Minimum pool size: undefined/unknown
	Maximum pool size: undefined/unknown
2025-09-22 23:44:15.465  INFO --- [           main] o.h.e.t.j.p.i.JtaPlatformInitiator       : HHH000489: No JTA platform available (set 'hibernate.transaction.jta.platform' to enable JTA platform integration)
2025-09-22 23:44:15.470  INFO --- [           main] o.s.o.j.LocalContainerEntityManagerFactoryBean : Initialized JPA EntityManagerFactory for persistence unit 'default'
2025-09-22 23:44:15.892 DEBUG --- [           main] c.e.M.s.s.JWT.JWTAuthenticationFilter    : Filter 'JWTAuthenticationFilter' configured for use
2025-09-22 23:44:15.976  INFO --- [           main] o.s.s.c.a.a.c.InitializeAuthenticationProviderBeanManagerConfigurer$InitializeAuthenticationProviderManagerConfigurer : Global AuthenticationManager configured with AuthenticationProvider bean with name authenticationProvider
2025-09-22 23:44:15.977  WARN --- [           main] o.s.s.c.a.a.c.InitializeUserDetailsBeanManagerConfigurer$InitializeUserDetailsManagerConfigurer : Global AuthenticationManager configured with an AuthenticationProvider bean. UserDetailsService beans will not be used by Spring Security for automatically configuring username/password login. Consider removing the AuthenticationProvider bean. Alternatively, consider using the UserDetailsService in a manually instantiated DaoAuthenticationProvider. If the current configuration is intentional, to turn off this warning, increase the logging level of 'org.springframework.security.config.annotation.authentication.configuration.InitializeUserDetailsBeanManagerConfigurer' to ERROR
2025-09-22 23:44:16.027  INFO --- [           main] o.s.d.j.r.query.QueryEnhancerFactory     : Hibernate is in classpath; If applicable, HQL parser will be used.
2025-09-22 23:44:16.880  WARN --- [           main] o.s.b.a.o.j.JpaBaseConfiguration$JpaWebConfiguration : spring.jpa.open-in-view is enabled by default. Therefore, database queries may be performed during view rendering. Explicitly configure spring.jpa.open-in-view to disable this warning
2025-09-22 23:44:17.347  INFO --- [           main] o.s.b.a.e.web.EndpointLinksResolver      : Exposing 1 endpoint beneath base path '/actuator'
2025-09-22 23:44:17.913  INFO --- [           main] o.a.coyote.http11.Http11NioProtocol      : Starting ProtocolHandler ["http-nio-8080"]
2025-09-22 23:44:17.949  INFO --- [           main] o.s.b.w.embedded.tomcat.TomcatWebServer  : Tomcat started on port 8080 (http) with context path '/'
2025-09-22 23:44:17.964  INFO --- [           main] com.example.Mai.sProject.Application     : Started Application in 11.99 seconds (process running for 13.512)
2025-09-22 23:53:23.138  INFO --- [SpringApplicationShutdownHook] o.s.b.w.e.tomcat.GracefulShutdown        : Commencing graceful shutdown. Waiting for active requests to complete
2025-09-22 23:53:23.143  INFO --- [tomcat-shutdown] o.s.b.w.e.tomcat.GracefulShutdown        : Graceful shutdown complete
2025-09-22 23:53:23.153  INFO --- [SpringApplicationShutdownHook] o.s.o.j.LocalContainerEntityManagerFactoryBean : Closing JPA EntityManagerFactory for persistence unit 'default'
2025-09-22 23:53:23.153  INFO --- [SpringApplicationShutdownHook] com.zaxxer.hikari.HikariDataSource       : HikariPool-1 - Shutdown initiated...
2025-09-22 23:53:23.158  INFO --- [SpringApplicationShutdownHook] com.zaxxer.hikari.HikariDataSource       : HikariPool-1 - Shutdown completed.
2025-09-22 23:53:28.466  INFO --- [           main] com.example.Mai.sProject.Application     : Starting Application using Java 23.0.1 with PID 7544 (C:\Users\DELL\Desktop\CrudSpringProjectWithHandling\project one\API-TASK1\target\classes started by DELL in C:\Users\DELL\Desktop\CrudSpringProjectWithHandling\project one\API-TASK1)
2025-09-22 23:53:28.471 DEBUG --- [           main] com.example.Mai.sProject.Application     : Running with Spring Boot v3.5.5, Spring v6.2.10
2025-09-22 23:53:28.474  INFO --- [           main] com.example.Mai.sProject.Application     : No active profile set, falling back to 1 default profile: "default"
2025-09-22 23:53:29.217  WARN --- [           main] o.s.b.w.s.c.AnnotationConfigServletWebServerApplicationContext : Exception encountered during context initialization - cancelling refresh attempt: org.springframework.beans.factory.BeanDefinitionStoreException: Failed to process import candidates for configuration class [com.example.Mai.sProject.Application]: Error processing condition on org.springframework.boot.actuate.autoconfigure.audit.AuditEventsEndpointAutoConfiguration
2025-09-22 23:53:29.222  INFO --- [           main] o.s.b.a.l.ConditionEvaluationReportLogger : 

Error starting ApplicationContext. To display the condition evaluation report re-run your application with 'debug' enabled.
2025-09-22 23:53:29.268 ERROR --- [           main] o.s.boot.SpringApplication               : Application run failed
org.springframework.beans.factory.BeanDefinitionStoreException: Failed to process import candidates for configuration class [com.example.Mai.sProject.Application]: Error processing condition on org.springframework.boot.actuate.autoconfigure.audit.AuditEventsEndpointAutoConfiguration
	at org.springframework.context.annotation.ConfigurationClassParser.processImports(ConfigurationClassParser.java:627)
	at org.springframework.context.annotation.ConfigurationClassParser$DeferredImportSelectorGroupingHandler.lambda$processGroupImports$1(ConfigurationClassParser.java:850)
	at java.base/java.lang.Iterable.forEach(Iterable.java:75)
	at org.springframework.context.annotation.ConfigurationClassParser$DeferredImportSelectorGroupingHandler.processGroupImports(ConfigurationClassParser.java:847)
	at org.springframework.context.annotation.ConfigurationClassParser$DeferredImportSelectorHandler.process(ConfigurationClassParser.java:817)
	at org.springframework.context.annotation.ConfigurationClassParser.parse(ConfigurationClassParser.java:198)
	at org.springframework.context.annotation.ConfigurationClassPostProcessor.processConfigBeanDefinitions(ConfigurationClassPostProcessor.java:418)
	at org.springframework.context.annotation.ConfigurationClassPostProcessor.postProcessBeanDefinitionRegistry(ConfigurationClassPostProcessor.java:290)
	at org.springframework.context.support.PostProcessorRegistrationDelegate.invokeBeanDefinitionRegistryPostProcessors(PostProcessorRegistrationDelegate.java:349)
	at org.springframework.context.support.PostProcessorRegistrationDelegate.invokeBeanFactoryPostProcessors(PostProcessorRegistrationDelegate.java:118)
	at org.springframework.context.support.AbstractApplicationContext.invokeBeanFactoryPostProcessors(AbstractApplicationContext.java:791)
	at org.springframework.context.support.AbstractApplicationContext.refresh(AbstractApplicationContext.java:609)
	at org.springframework.boot.web.servlet.context.ServletWebServerApplicationContext.refresh(ServletWebServerApplicationContext.java:146)
	at org.springframework.boot.SpringApplication.refresh(SpringApplication.java:752)
	at org.springframework.boot.SpringApplication.refreshContext(SpringApplication.java:439)
	at org.springframework.boot.SpringApplication.run(SpringApplication.java:318)
	at org.springframework.boot.SpringApplication.run(SpringApplication.java:1361)
	at org.springframework.boot.SpringApplication.run(SpringApplication.java:1350)
	at com.example.Mai.sProject.Application.main(Application.java:10)
Caused by: java.lang.IllegalStateException: Error processing condition on org.springframework.boot.actuate.autoconfigure.audit.AuditEventsEndpointAutoConfiguration
	at org.springframework.boot.autoconfigure.condition.SpringBootCondition.matches(SpringBootCondition.java:60)
	at org.springframework.context.annotation.ConditionEvaluator.shouldSkip(ConditionEvaluator.java:99)
	at org.springframework.context.annotation.ConfigurationClassParser.processConfigurationClass(ConfigurationClassParser.java:247)
	at org.springframework.context.annotation.ConfigurationClassParser.processImports(ConfigurationClassParser.java:617)
	... 18 common frames omitted
Caused by: java.lang.IllegalArgumentException: 'value' must only contain valid chars
	at org.springframework.util.Assert.isTrue(Assert.java:116)
	at org.springframework.boot.actuate.endpoint.EndpointId.<init>(EndpointId.java:58)
	at org.springframework.boot.actuate.endpoint.EndpointId.fromPropertyValue(EndpointId.java:146)
	at org.springframework.boot.actuate.autoconfigure.endpoint.expose.IncludeExcludeEndpointFilter$EndpointPatterns.<init>(IncludeExcludeEndpointFilter.java:165)
	at org.springframework.boot.actuate.autoconfigure.endpoint.expose.IncludeExcludeEndpointFilter.<init>(IncludeExcludeEndpointFilter.java:89)
	at org.springframework.boot.actuate.autoconfigure.endpoint.expose.IncludeExcludeEndpointFilter.<init>(IncludeExcludeEndpointFilter.java:64)
	at org.springframework.boot.actuate.autoconfigure.endpoint.condition.OnAvailableEndpointCondition$StandardExposureOutcomeContributor.<init>(OnAvailableEndpointCondition.java:207)
	at org.springframework.boot.actuate.autoconfigure.endpoint.condition.OnAvailableEndpointCondition.getExposureOutcomeContributors(OnAvailableEndpointCondition.java:174)
	at org.springframework.boot.actuate.autoconfigure.endpoint.condition.OnAvailableEndpointCondition.getExposureOutcome(OnAvailableEndpointCondition.java:144)
	at org.springframework.boot.actuate.autoconfigure.endpoint.condition.OnAvailableEndpointCondition.getMatchOutcome(OnAvailableEndpointCondition.java:121)
	at org.springframework.boot.actuate.autoconfigure.endpoint.condition.OnAvailableEndpointCondition.getMatchOutcome(OnAvailableEndpointCondition.java:78)
	at org.springframework.boot.autoconfigure.condition.SpringBootCondition.matches(SpringBootCondition.java:47)
	... 21 common frames omitted
2025-09-22 23:55:20.640  INFO --- [           main] com.example.Mai.sProject.Application     : Starting Application using Java 23.0.1 with PID 14032 (C:\Users\DELL\Desktop\CrudSpringProjectWithHandling\project one\API-TASK1\target\classes started by DELL in C:\Users\DELL\Desktop\CrudSpringProjectWithHandling\project one\API-TASK1)
2025-09-22 23:55:20.642 DEBUG --- [           main] com.example.Mai.sProject.Application     : Running with Spring Boot v3.5.5, Spring v6.2.10
2025-09-22 23:55:20.643  INFO --- [           main] com.example.Mai.sProject.Application     : No active profile set, falling back to 1 default profile: "default"
2025-09-22 23:55:22.481  INFO --- [           main] o.s.d.r.c.RepositoryConfigurationDelegate : Bootstrapping Spring Data JPA repositories in DEFAULT mode.
2025-09-22 23:55:22.587  INFO --- [           main] o.s.d.r.c.RepositoryConfigurationDelegate : Finished Spring Data repository scanning in 97 ms. Found 4 JPA repository interfaces.
2025-09-22 23:55:23.249  INFO --- [           main] o.s.b.w.embedded.tomcat.TomcatWebServer  : Tomcat initialized with port 8080 (http)
2025-09-22 23:55:23.263  INFO --- [           main] o.a.coyote.http11.Http11NioProtocol      : Initializing ProtocolHandler ["http-nio-8080"]
2025-09-22 23:55:23.267  INFO --- [           main] o.apache.catalina.core.StandardService   : Starting service [Tomcat]
2025-09-22 23:55:23.267  INFO --- [           main] o.apache.catalina.core.StandardEngine    : Starting Servlet engine: [Apache Tomcat/10.1.44]
2025-09-22 23:55:23.337  INFO --- [           main] o.a.c.c.C.[Tomcat].[localhost].[/]       : Initializing Spring embedded WebApplicationContext
2025-09-22 23:55:23.339  INFO --- [           main] o.s.b.w.s.c.ServletWebServerApplicationContext : Root WebApplicationContext: initialization completed in 2580 ms
2025-09-22 23:55:23.672  INFO --- [           main] com.zaxxer.hikari.HikariDataSource       : HikariPool-1 - Starting...
2025-09-22 23:55:23.822  INFO --- [           main] com.zaxxer.hikari.pool.HikariPool        : HikariPool-1 - Added connection com.mysql.cj.jdbc.ConnectionImpl@2bfa17b0
2025-09-22 23:55:23.822  INFO --- [           main] com.zaxxer.hikari.HikariDataSource       : HikariPool-1 - Start completed.
2025-09-22 23:55:24.833  INFO --- [           main] liquibase.changelog                      : Reading from testtt.databasechangelog
2025-09-22 23:55:24.919  INFO --- [           main] liquibase.ui                             : Database is up to date, no changesets to execute
2025-09-22 23:55:24.921  INFO --- [           main] liquibase.changelog                      : Reading from testtt.databasechangelog
2025-09-22 23:55:24.939  INFO --- [           main] liquibase.util                           : UPDATE SUMMARY
2025-09-22 23:55:24.939  INFO --- [           main] liquibase.util                           : Run:                          0
2025-09-22 23:55:24.940  INFO --- [           main] liquibase.util                           : Previously run:               6
2025-09-22 23:55:24.940  INFO --- [           main] liquibase.util                           : Filtered out:                 0
2025-09-22 23:55:24.940  INFO --- [           main] liquibase.util                           : -------------------------------
2025-09-22 23:55:24.940  INFO --- [           main] liquibase.util                           : Total change sets:            6
2025-09-22 23:55:24.942  INFO --- [           main] liquibase.util                           : Update summary generated
2025-09-22 23:55:24.944  INFO --- [           main] liquibase.command                        : Command execution complete
2025-09-22 23:55:26.395  INFO --- [           main] o.hibernate.jpa.internal.util.LogHelper  : HHH000204: Processing PersistenceUnitInfo [name: default]
2025-09-22 23:55:26.462  INFO --- [           main] org.hibernate.Version                    : HHH000412: Hibernate ORM core version 6.6.26.Final
2025-09-22 23:55:26.513  INFO --- [           main] o.h.c.internal.RegionFactoryInitiator    : HHH000026: Second-level cache disabled
2025-09-22 23:55:26.832  INFO --- [           main] o.s.o.j.p.SpringPersistenceUnitInfo      : No LoadTimeWeaver setup: ignoring JPA class transformer
2025-09-22 23:55:26.877  WARN --- [           main] org.hibernate.dialect.Dialect            : HHH000511: The 5.5.5 version for [org.hibernate.dialect.MySQLDialect] is no longer supported, hence certain features may not work properly. The minimum supported version is 8.0.0. Check the community dialects project for available legacy versions.
2025-09-22 23:55:26.897  INFO --- [           main] org.hibernate.orm.connections.pooling    : HHH10001005: Database info:
	Database JDBC URL [Connecting through datasource 'HikariDataSource (HikariPool-1)']
	Database driver: undefined/unknown
	Database version: 5.5.5
	Autocommit mode: undefined/unknown
	Isolation level: undefined/unknown
	Minimum pool size: undefined/unknown
	Maximum pool size: undefined/unknown
2025-09-22 23:55:28.048  INFO --- [           main] o.h.e.t.j.p.i.JtaPlatformInitiator       : HHH000489: No JTA platform available (set 'hibernate.transaction.jta.platform' to enable JTA platform integration)
2025-09-22 23:55:28.058  INFO --- [           main] o.s.o.j.LocalContainerEntityManagerFactoryBean : Initialized JPA EntityManagerFactory for persistence unit 'default'
2025-09-22 23:55:28.423 DEBUG --- [           main] c.e.M.s.s.JWT.JWTAuthenticationFilter    : Filter 'JWTAuthenticationFilter' configured for use
2025-09-22 23:55:28.507  INFO --- [           main] o.s.s.c.a.a.c.InitializeAuthenticationProviderBeanManagerConfigurer$InitializeAuthenticationProviderManagerConfigurer : Global AuthenticationManager configured with AuthenticationProvider bean with name authenticationProvider
2025-09-22 23:55:28.507  WARN --- [           main] o.s.s.c.a.a.c.InitializeUserDetailsBeanManagerConfigurer$InitializeUserDetailsManagerConfigurer : Global AuthenticationManager configured with an AuthenticationProvider bean. UserDetailsService beans will not be used by Spring Security for automatically configuring username/password login. Consider removing the AuthenticationProvider bean. Alternatively, consider using the UserDetailsService in a manually instantiated DaoAuthenticationProvider. If the current configuration is intentional, to turn off this warning, increase the logging level of 'org.springframework.security.config.annotation.authentication.configuration.InitializeUserDetailsBeanManagerConfigurer' to ERROR
2025-09-22 23:55:28.558  INFO --- [           main] o.s.d.j.r.query.QueryEnhancerFactory     : Hibernate is in classpath; If applicable, HQL parser will be used.
2025-09-22 23:55:29.382  WARN --- [           main] o.s.b.a.o.j.JpaBaseConfiguration$JpaWebConfiguration : spring.jpa.open-in-view is enabled by default. Therefore, database queries may be performed during view rendering. Explicitly configure spring.jpa.open-in-view to disable this warning
2025-09-22 23:55:29.968  INFO --- [           main] o.s.b.a.e.web.EndpointLinksResolver      : Exposing 16 endpoints beneath base path '/actuator'
2025-09-22 23:55:30.500  INFO --- [           main] o.a.coyote.http11.Http11NioProtocol      : Starting ProtocolHandler ["http-nio-8080"]
2025-09-22 23:55:30.525  INFO --- [           main] o.s.b.w.embedded.tomcat.TomcatWebServer  : Tomcat started on port 8080 (http) with context path '/'
2025-09-22 23:55:30.541  INFO --- [           main] com.example.Mai.sProject.Application     : Started Application in 11.023 seconds (process running for 12.208)
2025-09-22 23:58:34.742  INFO --- [http-nio-8080-exec-1] o.a.c.c.C.[Tomcat].[localhost].[/]       : Initializing Spring DispatcherServlet 'dispatcherServlet'
2025-09-22 23:58:34.742  INFO --- [http-nio-8080-exec-1] o.s.web.servlet.DispatcherServlet        : Initializing Servlet 'dispatcherServlet'
2025-09-22 23:58:34.744  INFO --- [http-nio-8080-exec-1] o.s.web.servlet.DispatcherServlet        : Completed initialization in 2 ms
