2025-09-21 01:34:56.792  INFO --- [           main] com.example.Mai.sProject.Application     : Starting Application using Java 23.0.1 with PID 11560 (C:\Users\DELL\Desktop\CrudSpringProjectWithHandling\project one\API-TASK1\target\classes started by DELL in C:\Users\DELL\Desktop\CrudSpringProjectWithHandling\project one\API-TASK1)
2025-09-21 01:34:56.803 DEBUG --- [           main] com.example.Mai.sProject.Application     : Running with Spring Boot v3.5.5, Spring v6.2.10
2025-09-21 01:34:56.805  INFO --- [           main] com.example.Mai.sProject.Application     : No active profile set, falling back to 1 default profile: "default"
2025-09-21 01:34:58.380  INFO --- [           main] o.s.d.r.c.RepositoryConfigurationDelegate : Bootstrapping Spring Data JPA repositories in DEFAULT mode.
2025-09-21 01:34:58.532  INFO --- [           main] o.s.d.r.c.RepositoryConfigurationDelegate : Finished Spring Data repository scanning in 128 ms. Found 4 JPA repository interfaces.
2025-09-21 01:34:59.745  INFO --- [           main] o.s.b.w.embedded.tomcat.TomcatWebServer  : Tomcat initialized with port 8080 (http)
2025-09-21 01:34:59.792  INFO --- [           main] o.a.coyote.http11.Http11NioProtocol      : Initializing ProtocolHandler ["http-nio-8080"]
2025-09-21 01:34:59.802  INFO --- [           main] o.apache.catalina.core.StandardService   : Starting service [Tomcat]
2025-09-21 01:34:59.803  INFO --- [           main] o.apache.catalina.core.StandardEngine    : Starting Servlet engine: [Apache Tomcat/10.1.44]
2025-09-21 01:35:00.006  INFO --- [           main] o.a.c.c.C.[Tomcat].[localhost].[/]       : Initializing Spring embedded WebApplicationContext
2025-09-21 01:35:00.007  INFO --- [           main] o.s.b.w.s.c.ServletWebServerApplicationContext : Root WebApplicationContext: initialization completed in 3061 ms
2025-09-21 01:35:00.426  INFO --- [           main] com.zaxxer.hikari.HikariDataSource       : HikariPool-1 - Starting...
2025-09-21 01:35:00.758  INFO --- [           main] com.zaxxer.hikari.pool.HikariPool        : HikariPool-1 - Added connection com.mysql.cj.jdbc.ConnectionImpl@2a0963be
2025-09-21 01:35:00.762  INFO --- [           main] com.zaxxer.hikari.HikariDataSource       : HikariPool-1 - Start completed.
2025-09-21 01:35:02.277  INFO --- [           main] liquibase.changelog                      : Reading from testtt.databasechangelog
2025-09-21 01:35:02.398  INFO --- [           main] liquibase.ui                             : Database is up to date, no changesets to execute
2025-09-21 01:35:02.402  INFO --- [           main] liquibase.changelog                      : Reading from testtt.databasechangelog
2025-09-21 01:35:02.432  INFO --- [           main] liquibase.util                           : UPDATE SUMMARY
2025-09-21 01:35:02.433  INFO --- [           main] liquibase.util                           : Run:                          0
2025-09-21 01:35:02.433  INFO --- [           main] liquibase.util                           : Previously run:               6
2025-09-21 01:35:02.433  INFO --- [           main] liquibase.util                           : Filtered out:                 0
2025-09-21 01:35:02.433  INFO --- [           main] liquibase.util                           : -------------------------------
2025-09-21 01:35:02.434  INFO --- [           main] liquibase.util                           : Total change sets:            6
2025-09-21 01:35:02.435  INFO --- [           main] liquibase.util                           : Update summary generated
2025-09-21 01:35:02.438  INFO --- [           main] liquibase.command                        : Command execution complete
2025-09-21 01:35:04.099  INFO --- [           main] o.hibernate.jpa.internal.util.LogHelper  : HHH000204: Processing PersistenceUnitInfo [name: default]
2025-09-21 01:35:04.197  INFO --- [           main] org.hibernate.Version                    : HHH000412: Hibernate ORM core version 6.6.26.Final
2025-09-21 01:35:04.260  INFO --- [           main] o.h.c.internal.RegionFactoryInitiator    : HHH000026: Second-level cache disabled
2025-09-21 01:35:04.722  INFO --- [           main] o.s.o.j.p.SpringPersistenceUnitInfo      : No LoadTimeWeaver setup: ignoring JPA class transformer
2025-09-21 01:35:04.794  WARN --- [           main] org.hibernate.dialect.Dialect            : HHH000511: The 5.5.5 version for [org.hibernate.dialect.MySQLDialect] is no longer supported, hence certain features may not work properly. The minimum supported version is 8.0.0. Check the community dialects project for available legacy versions.
2025-09-21 01:35:04.816  INFO --- [           main] org.hibernate.orm.connections.pooling    : HHH10001005: Database info:
	Database JDBC URL [Connecting through datasource 'HikariDataSource (HikariPool-1)']
	Database driver: undefined/unknown
	Database version: 5.5.5
	Autocommit mode: undefined/unknown
	Isolation level: undefined/unknown
	Minimum pool size: undefined/unknown
	Maximum pool size: undefined/unknown
2025-09-21 01:35:06.139  INFO --- [           main] o.h.e.t.j.p.i.JtaPlatformInitiator       : HHH000489: No JTA platform available (set 'hibernate.transaction.jta.platform' to enable JTA platform integration)
2025-09-21 01:35:06.146  INFO --- [           main] o.s.o.j.LocalContainerEntityManagerFactoryBean : Initialized JPA EntityManagerFactory for persistence unit 'default'
2025-09-21 01:35:06.619 DEBUG --- [           main] c.e.M.s.s.JWT.JWTAuthenticationFilter    : Filter 'JWTAuthenticationFilter' configured for use
2025-09-21 01:35:06.709  INFO --- [           main] o.s.s.c.a.a.c.InitializeAuthenticationProviderBeanManagerConfigurer$InitializeAuthenticationProviderManagerConfigurer : Global AuthenticationManager configured with AuthenticationProvider bean with name authenticationProvider
2025-09-21 01:35:06.709  WARN --- [           main] o.s.s.c.a.a.c.InitializeUserDetailsBeanManagerConfigurer$InitializeUserDetailsManagerConfigurer : Global AuthenticationManager configured with an AuthenticationProvider bean. UserDetailsService beans will not be used by Spring Security for automatically configuring username/password login. Consider removing the AuthenticationProvider bean. Alternatively, consider using the UserDetailsService in a manually instantiated DaoAuthenticationProvider. If the current configuration is intentional, to turn off this warning, increase the logging level of 'org.springframework.security.config.annotation.authentication.configuration.InitializeUserDetailsBeanManagerConfigurer' to ERROR
2025-09-21 01:35:06.774  INFO --- [           main] o.s.d.j.r.query.QueryEnhancerFactory     : Hibernate is in classpath; If applicable, HQL parser will be used.
2025-09-21 01:35:07.832  WARN --- [           main] o.s.b.a.o.j.JpaBaseConfiguration$JpaWebConfiguration : spring.jpa.open-in-view is enabled by default. Therefore, database queries may be performed during view rendering. Explicitly configure spring.jpa.open-in-view to disable this warning
2025-09-21 01:35:08.597  INFO --- [           main] o.a.coyote.http11.Http11NioProtocol      : Starting ProtocolHandler ["http-nio-8080"]
2025-09-21 01:35:08.632  INFO --- [           main] o.s.b.w.embedded.tomcat.TomcatWebServer  : Tomcat started on port 8080 (http) with context path '/'
2025-09-21 01:35:08.648  INFO --- [           main] com.example.Mai.sProject.Application     : Started Application in 13.445 seconds (process running for 15.167)
2025-09-21 01:37:46.920  INFO --- [http-nio-8080-exec-2] o.a.c.c.C.[Tomcat].[localhost].[/]       : Initializing Spring DispatcherServlet 'dispatcherServlet'
2025-09-21 01:37:46.920  INFO --- [http-nio-8080-exec-2] o.s.web.servlet.DispatcherServlet        : Initializing Servlet 'dispatcherServlet'
2025-09-21 01:37:46.922  INFO --- [http-nio-8080-exec-2] o.s.web.servlet.DispatcherServlet        : Completed initialization in 1 ms
2025-09-21 01:37:47.093  INFO --- [http-nio-8080-exec-2] c.e.Mai.sProject.Services.AuthService    : Attempting to register user with username: adminn
2025-09-21 01:37:47.293  WARN --- [http-nio-8080-exec-2] c.e.Mai.sProject.Services.AuthService    : Registration failed - Username 'adminn' is already taken
2025-09-21 01:47:33.579  INFO --- [SpringApplicationShutdownHook] o.s.b.w.e.tomcat.GracefulShutdown        : Commencing graceful shutdown. Waiting for active requests to complete
2025-09-21 01:47:33.586  INFO --- [tomcat-shutdown] o.s.b.w.e.tomcat.GracefulShutdown        : Graceful shutdown complete
2025-09-21 01:47:33.594  INFO --- [SpringApplicationShutdownHook] o.s.o.j.LocalContainerEntityManagerFactoryBean : Closing JPA EntityManagerFactory for persistence unit 'default'
2025-09-21 01:47:33.599  INFO --- [SpringApplicationShutdownHook] com.zaxxer.hikari.HikariDataSource       : HikariPool-1 - Shutdown initiated...
2025-09-21 01:47:33.607  INFO --- [SpringApplicationShutdownHook] com.zaxxer.hikari.HikariDataSource       : HikariPool-1 - Shutdown completed.
